manifiesto agregado
agregando: CHICKEN.png(entrada = 32924) (salida = 29318)(desinflado 10%)
agregando: Client.jar(entrada = 22682229) (salida = 22678063)(desinflado 0%)
agregando: PICROSS1.png(entrada = 77140) (salida = 77144)(desinflado 0%)
agregando: PICROSS2.png(entrada = 90202) (salida = 90232)(desinflado 0%)
agregando: SCPicross/(entrada = 0) (salida = 0)(almacenado 0%)
agregando: SCPicross/Config.class(entrada = 486) (salida = 318)(desinflado 34%)
agregando: SCPicross/Controller.class(entrada = 6147) (salida = 3356)(desinflado 45%)
agregando: SCPicross/Model.class(entrada = 10852) (salida = 5841)(desinflado 46%)
agregando: SCPicross/PicrossClient$ClientThread.class(entrada = 662) (salida = 446)(desinflado 32%)
agregando: SCPicross/PicrossClient.class(entrada = 5230) (salida = 2627)(desinflado 49%)
agregando: SCPicross/PicrossServer$UserScore.class(entrada = 473) (salida = 320)(desinflado 32%)
agregando: SCPicross/PicrossServer$Worked.class(entrada = 3335) (salida = 1861)(desinflado 44%)
agregando: SCPicross/PicrossServer.class(entrada = 6568) (salida = 3297)(desinflado 49%)
agregando: SCPicross/View.class(entrada = 19033) (salida = 9131)(desinflado 52%)
agregando: bdrock.png(entrada = 2200) (salida = 2205)(desinflado 0%)
agregando: client-jar.err(entrada = 0) (salida = 0)(almacenado 0%)
agregando: client-jar.out(entrada = 4353) (salida = 956)(desinflado 78%)
agregando: client.png(entrada = 252) (salida = 251)(desinflado 0%)
agregando: dimondOre.png(entrada = 2641) (salida = 2646)(desinflado 0%)
agregando: dirt.png(entrada = 1623) (salida = 1628)(desinflado 0%)
agregando: fonts/(entrada = 0) (salida = 0)(almacenado 0%)
agregando: fonts/Minecraft.ttf(entrada = 18236) (salida = 5887)(desinflado 67%)
agregando: fontstyle.css(entrada = 434) (salida = 135)(desinflado 68%)
agregando: gameclient.png(entrada = 89408) (salida = 89438)(desinflado 0%)
agregando: gameend.png(entrada = 324576) (salida = 324644)(desinflado 0%)
agregando: gameserver.png(entrada = 89609) (salida = 89639)(desinflado 0%)
agregando: gamewinner.png(entrada = 321967) (salida = 322012)(desinflado 0%)
agregando: icons8-internet-30.png(entrada = 641) (salida = 646)(desinflado 0%)
agregando: icons8-linux-server-30.png(entrada = 657) (salida = 662)(desinflado 0%)
agregando: logo.png(entrada = 4304) (salida = 4309)(desinflado 0%)
agregando: mcLabel.png(entrada = 1621) (salida = 1626)(desinflado 0%)
agregando: mineLogo.png(entrada = 4904) (salida = 4909)(desinflado 0%)
agregando: ngDirt.png(entrada = 7718) (salida = 7265)(desinflado 5%)
agregando: piciconabt.gif(entrada = 1413) (salida = 1418)(desinflado 0%)
agregando: piciconcol.gif(entrada = 1095) (salida = 1100)(desinflado 0%)
agregando: picicondes.gif(entrada = 1125) (salida = 864)(desinflado 23%)
agregando: piciconeng.gif(entrada = 3581) (salida = 3582)(desinflado 0%)
agregando: piciconext.gif(entrada = 1171) (salida = 1176)(desinflado 0%)
agregando: piciconfra.gif(entrada = 2487) (salida = 2492)(desinflado 0%)
agregando: piciconlang.gif(entrada = 1351) (salida = 963)(desinflado 28%)
agregando: piciconload.gif(entrada = 1453) (salida = 1458)(desinflado 0%)
agregando: piciconnew.gif(entrada = 1356) (salida = 957)(desinflado 29%)
agregando: piciconpor.gif(entrada = 2668) (salida = 2673)(desinflado 0%)
agregando: piciconsol.gif(entrada = 1393) (salida = 1398)(desinflado 0%)
agregando: picross.png(entrada = 293528) (salida = 293618)(desinflado 0%)
agregando: picrossLogo.png(entrada = 4304) (salida = 4309)(desinflado 0%)
agregando: server-jar.err(entrada = 0) (salida = 0)(almacenado 0%)
agregando: server-jar.out(entrada = 3612) (salida = 808)(desinflado 77%)
agregando: serverIcon.png(entrada = 20313) (salida = 20323)(desinflado 0%)
agregando: spain (1).png(entrada = 519) (salida = 524)(desinflado 0%)
agregando: spain.png(entrada = 303) (salida = 308)(desinflado -1%)
agregando: stone.png(entrada = 1456) (salida = 1461)(desinflado 0%)
agregando: texts.properties(entrada = 418) (salida = 228)(desinflado 45%)
agregando: texts_en_CA.properties(entrada = 418) (salida = 228)(desinflado 45%)
agregando: texts_es_ES.properties(entrada = 452) (salida = 269)(desinflado 40%)
agregando: united (1).png(entrada = 1033) (salida = 1038)(desinflado 0%)
agregando: united.png(entrada = 520) (salida = 525)(desinflado 0%)
